<?xml version="1.0" encoding="UTF-8"?>
<!-- Generated by org.testng.reporters.JUnitReportReporter -->
<testsuite hostname="849bbc90e934" failures="0" tests="6" name="org.yehorychev.ReqResApiTests" time="2.687" errors="0" timestamp="2025-08-26T01:11:04 UTC" skipped="0">
  <testcase classname="org.yehorychev.ReqResApiTests" name="createUser_shouldReturn201AndId" time="1.157"/>
  <testcase classname="org.yehorychev.ReqResApiTests" name="listUsers_shouldReturnPage2With200" time="0.207"/>
  <testcase classname="org.yehorychev.ReqResApiTests" name="updateUser_put_shouldUpdateJob" time="0.561"/>
  <testcase classname="org.yehorychev.ReqResApiTests" name="getSingleUser_shouldContainExpectedEmail" time="0.169"/>
  <testcase classname="org.yehorychev.ReqResApiTests" name="registerUser_shouldReturnToken" time="0.302"/>
  <testcase classname="org.yehorychev.ReqResApiTests" name="deleteUser_shouldReturn204" time="0.291"/>
</testsuite> <!-- org.yehorychev.ReqResApiTests -->
