<?xml version='1.1' encoding='UTF-8'?>
<result plugin="junit@1335.v6b_a_a_e18534e1">
  <suites>
    <suite>
      <file>/Users/yehor/IdeaProjects/docker_project_coffee/ci_cd/volumes/node/workspace/Docker_Java_Jenkinsfile/target/surefire-reports/TEST-TestSuite.xml</file>
      <name>TestSuite</name>
      <duration>3.084</duration>
      <startTime>-1</startTime>
      <properties/>
      <time>3.084</time>
      <nodeId>29</nodeId>
      <enclosingBlocks>
        <string>28</string>
      </enclosingBlocks>
      <enclosingBlockNames>
        <string>Archive &amp; Publish reports</string>
      </enclosingBlockNames>
      <cases>
        <case>
          <duration>1.157</duration>
          <startTime>-1</startTime>
          <className>org.yehorychev.ReqResApiTests</className>
          <testName>createUser_shouldReturn201AndId</testName>
          <skipped>false</skipped>
          <keepTestNames>false</keepTestNames>
          <properties/>
          <stderr>SLF4J: Failed to load class &quot;org.slf4j.impl.StaticLoggerBinder&quot;.
SLF4J: Defaulting to no-operation (NOP) logger implementation
SLF4J: See http://www.slf4j.org/codes.html#StaticLoggerBinder for further details.
</stderr>
          <failedSince>0</failedSince>
        </case>
        <case>
          <duration>0.291</duration>
          <startTime>-1</startTime>
          <className>org.yehorychev.ReqResApiTests</className>
          <testName>deleteUser_shouldReturn204</testName>
          <skipped>false</skipped>
          <keepTestNames>false</keepTestNames>
          <properties/>
          <failedSince>0</failedSince>
        </case>
        <case>
          <duration>0.17</duration>
          <startTime>-1</startTime>
          <className>org.yehorychev.ReqResApiTests</className>
          <testName>getSingleUser_shouldContainExpectedEmail</testName>
          <skipped>false</skipped>
          <keepTestNames>false</keepTestNames>
          <properties/>
          <failedSince>0</failedSince>
        </case>
        <case>
          <duration>0.208</duration>
          <startTime>-1</startTime>
          <className>org.yehorychev.ReqResApiTests</className>
          <testName>listUsers_shouldReturnPage2With200</testName>
          <skipped>false</skipped>
          <keepTestNames>false</keepTestNames>
          <properties/>
          <failedSince>0</failedSince>
        </case>
        <case>
          <duration>0.303</duration>
          <startTime>-1</startTime>
          <className>org.yehorychev.ReqResApiTests</className>
          <testName>registerUser_shouldReturnToken</testName>
          <skipped>false</skipped>
          <keepTestNames>false</keepTestNames>
          <properties/>
          <failedSince>0</failedSince>
        </case>
        <case>
          <duration>0.562</duration>
          <startTime>-1</startTime>
          <className>org.yehorychev.ReqResApiTests</className>
          <testName>updateUser_put_shouldUpdateJob</testName>
          <skipped>false</skipped>
          <keepTestNames>false</keepTestNames>
          <properties/>
          <failedSince>0</failedSince>
        </case>
      </cases>
    </suite>
  </suites>
  <duration>3.084</duration>
  <skipOldReports>false</skipOldReports>
  <startTime>-1</startTime>
  <stdioRetention>NONE</stdioRetention>
  <keepTestNames>false</keepTestNames>
  <keepProperties>false</keepProperties>
</result>